Using pre-set license
Built from '2021.3/release' branch; Version is '2021.3.12f1 (8af3c3e441b1) revision 9106371'; Using compiler version '192829333'; Build Type 'Release'
OS: 'Windows 11  (10.0.22000) 64bit CoreSingleLanguage' Language: 'en' Physical Memory: 16226 MB
BatchMode: 1, IsHumanControllingUs: 0, StartBugReporterOnCrash: 0, Is64bit: 1, IsPro: 1

COMMAND LINE ARGUMENTS:
D:\Programok\Unity\2021.3.12f1\Editor\Unity.exe
-adb2
-batchMode
-noUpm
-name
AssetImportWorker10
-projectPath
D:/Allamvizsga/Államvizsga/Allamvizsga2023/-llamvizsga2023/Allamvizsga_01
-logFile
Logs/AssetImportWorker10.log
-srvPort
57783
Successfully changed project path to: D:/Allamvizsga/Államvizsga/Allamvizsga2023/-llamvizsga2023/Allamvizsga_01
D:/Allamvizsga/Államvizsga/Allamvizsga2023/-llamvizsga2023/Allamvizsga_01
[UnityMemory] Configuration Parameters - Can be set up in boot.config
    "memorysetup-bucket-allocator-granularity=16"
    "memorysetup-bucket-allocator-bucket-count=8"
    "memorysetup-bucket-allocator-block-size=33554432"
    "memorysetup-bucket-allocator-block-count=8"
    "memorysetup-main-allocator-block-size=16777216"
    "memorysetup-thread-allocator-block-size=16777216"
    "memorysetup-gfx-main-allocator-block-size=16777216"
    "memorysetup-gfx-thread-allocator-block-size=16777216"
    "memorysetup-cache-allocator-block-size=4194304"
    "memorysetup-typetree-allocator-block-size=2097152"
    "memorysetup-profiler-bucket-allocator-granularity=16"
    "memorysetup-profiler-bucket-allocator-bucket-count=8"
    "memorysetup-profiler-bucket-allocator-block-size=33554432"
    "memorysetup-profiler-bucket-allocator-block-count=8"
    "memorysetup-profiler-allocator-block-size=16777216"
    "memorysetup-profiler-editor-allocator-block-size=1048576"
    "memorysetup-temp-allocator-size-main=16777216"
    "memorysetup-job-temp-allocator-block-size=2097152"
    "memorysetup-job-temp-allocator-block-size-background=1048576"
    "memorysetup-job-temp-allocator-reduction-small-platforms=262144"
    "memorysetup-temp-allocator-size-background-worker=32768"
    "memorysetup-temp-allocator-size-job-worker=262144"
    "memorysetup-temp-allocator-size-preload-manager=33554432"
    "memorysetup-temp-allocator-size-nav-mesh-worker=65536"
    "memorysetup-temp-allocator-size-audio-worker=65536"
    "memorysetup-temp-allocator-size-cloud-worker=32768"
    "memorysetup-temp-allocator-size-gi-baking-worker=262144"
    "memorysetup-temp-allocator-size-gfx=262144"
Refreshing native plugins compatible for Editor in 164.89 ms, found 5 plugins.
Preloading 0 native plugins for Editor in 0.00 ms.
Initialize engine version: 2021.3.12f1 (8af3c3e441b1)
[Subsystems] Discovering subsystems at path D:/Programok/Unity/2021.3.12f1/Editor/Data/Resources/UnitySubsystems
[Subsystems] Discovering subsystems at path D:/Allamvizsga/Államvizsga/Allamvizsga2023/-llamvizsga2023/Allamvizsga_01/Assets
GfxDevice: creating device client; threaded=0; jobified=0
Direct3D:
    Version:  Direct3D 11.0 [level 11.1]
    Renderer: NVIDIA GeForce GTX 1050 Ti (ID=0x1c8c)
    Vendor:   NVIDIA
    VRAM:     4018 MB
    Driver:   26.21.14.4587
Initialize mono
Mono path[0] = 'D:/Programok/Unity/2021.3.12f1/Editor/Data/Managed'
Mono path[1] = 'D:/Programok/Unity/2021.3.12f1/Editor/Data/MonoBleedingEdge/lib/mono/unityjit-win32'
Mono config path = 'D:/Programok/Unity/2021.3.12f1/Editor/Data/MonoBleedingEdge/etc'
Using monoOptions --debugger-agent=transport=dt_socket,embedding=1,server=y,suspend=n,address=127.0.0.1:56868
Begin MonoManager ReloadAssembly
Registering precompiled unity dll's ...
Register platform support module: D:/Programok/Unity/2021.3.12f1/Editor/Data/PlaybackEngines/WebGLSupport/UnityEditor.WebGL.Extensions.dll
Register platform support module: D:/Programok/Unity/2021.3.12f1/Editor/Data/PlaybackEngines/WindowsStandaloneSupport/UnityEditor.WindowsStandalone.Extensions.dll
Registered in 0.005841 seconds.
Native extension for WindowsStandalone target not found
Native extension for WebGL target not found
Refreshing native plugins compatible for Editor in 142.23 ms, found 5 plugins.
Preloading 0 native plugins for Editor in 0.00 ms.
Mono: successfully reloaded assembly
- Completed reload, in  1.851 seconds
Domain Reload Profiling:
	ReloadAssembly (1852ms)
		BeginReloadAssembly (177ms)
			ExecutionOrderSort (0ms)
			DisableScriptedObjects (0ms)
			BackupInstance (0ms)
			ReleaseScriptingObjects (0ms)
			CreateAndSetChildDomain (2ms)
		EndReloadAssembly (1384ms)
			LoadAssemblies (175ms)
			RebuildTransferFunctionScriptingTraits (0ms)
			SetupTypeCache (316ms)
			ReleaseScriptCaches (0ms)
			RebuildScriptCaches (104ms)
			SetupLoadedEditorAssemblies (833ms)
				LogAssemblyErrors (0ms)
				InitializePlatformSupportModulesInManaged (21ms)
				SetLoadedEditorAssemblies (1ms)
				RefreshPlugins (142ms)
				BeforeProcessingInitializeOnLoad (5ms)
				ProcessInitializeOnLoadAttributes (496ms)
				ProcessInitializeOnLoadMethodAttributes (168ms)
				AfterProcessingInitializeOnLoad (0ms)
				EditorAssembliesLoaded (0ms)
			ExecutionOrderSort2 (0ms)
			AwakeInstancesAfterBackupRestoration (0ms)
Platform modules already initialized, skipping
Registering precompiled user dll's ...
Registered in 0.014529 seconds.
Begin MonoManager ReloadAssembly
Native extension for WindowsStandalone target not found
Native extension for WebGL target not found
Refreshing native plugins compatible for Editor in 151.49 ms, found 5 plugins.
Preloading 0 native plugins for Editor in 0.00 ms.
Mono: successfully reloaded assembly
- Completed reload, in  9.287 seconds
Domain Reload Profiling:
	ReloadAssembly (9290ms)
		BeginReloadAssembly (353ms)
			ExecutionOrderSort (0ms)
			DisableScriptedObjects (20ms)
			BackupInstance (0ms)
			ReleaseScriptingObjects (1ms)
			CreateAndSetChildDomain (51ms)
		EndReloadAssembly (8635ms)
			LoadAssemblies (1333ms)
			RebuildTransferFunctionScriptingTraits (0ms)
			SetupTypeCache (2109ms)
			ReleaseScriptCaches (1ms)
			RebuildScriptCaches (195ms)
			SetupLoadedEditorAssemblies (4834ms)
				LogAssemblyErrors (0ms)
				InitializePlatformSupportModulesInManaged (12ms)
				SetLoadedEditorAssemblies (1ms)
				RefreshPlugins (152ms)
				BeforeProcessingInitializeOnLoad (263ms)
				ProcessInitializeOnLoadAttributes (1318ms)
				ProcessInitializeOnLoadMethodAttributes (3080ms)
				AfterProcessingInitializeOnLoad (8ms)
				EditorAssembliesLoaded (1ms)
			ExecutionOrderSort2 (0ms)
			AwakeInstancesAfterBackupRestoration (23ms)
Platform modules already initialized, skipping
========================================================================
Worker process is ready to serve import requests
Launched and connected shader compiler UnityShaderCompiler.exe after 0.26 seconds
Refreshing native plugins compatible for Editor in 1.39 ms, found 5 plugins.
Preloading 0 native plugins for Editor in 0.00 ms.
Unloading 3661 Unused Serialized files (Serialized files now loaded: 0)
Unloading 38 unused Assets / (343.7 KB). Loaded Objects now: 4118.
Memory consumption went from 150.9 MB to 150.5 MB.
Total: 7.987400 ms (FindLiveObjects: 0.538900 ms CreateObjectMapping: 0.476700 ms MarkObjects: 6.737800 ms  DeleteObjects: 0.232300 ms)

AssetImportParameters requested are different than current active one (requested -> active):
  custom:video-decoder-ogg-theora: a1e56fd34408186e4bbccfd4996cb3dc -> 
  custom:container-muxer-webm: aa71ff27fc2769a1b78a27578f13a17b -> 
  custom:container-demuxer-webm: 4f35f7cbe854078d1ac9338744f61a02 -> 
  custom:video-encoder-webm-vp8: eb34c28f22e8b96e1ab97ce403110664 -> 
  custom:audio-encoder-webm-vorbis: bf7c407c2cedff20999df2af8eb42d56 -> 
  custom:framework-win-MediaFoundation: 216162199b28c13a410421893ffa2e32 -> 
  custom:container-demuxer-ogg: 62fdf1f143b41e24485cea50d1cbac27 -> 
  custom:video-decoder-webm-vp8: 9c59270c3fd7afecdb556c50c9e8de78 -> 
  custom:audio-decoder-ogg-vorbis: bf7c407c2cedff20999df2af8eb42d56 -> 
========================================================================
Received Import Request.
  Time since last request: 242611.333216 seconds.
  path: Assets/Scenes/Levels
  artifactKey: Guid(e6f98e0410467104ca2fe40440de30eb) Importer(815301076,1909f56bfc062723c751e8b465ee728b)
Start importing Assets/Scenes/Levels using Guid(e6f98e0410467104ca2fe40440de30eb) Importer(815301076,1909f56bfc062723c751e8b465ee728b)  -> (artifact id: 'f76c2661e345a521ae02af869c86d791') in 0.023112 seconds 
========================================================================
Received Prepare
Registering precompiled user dll's ...
Registered in 0.010016 seconds.
Begin MonoManager ReloadAssembly
Native extension for WindowsStandalone target not found
Native extension for WebGL target not found
Refreshing native plugins compatible for Editor in 1.73 ms, found 5 plugins.
Preloading 0 native plugins for Editor in 0.00 ms.
Mono: successfully reloaded assembly
- Completed reload, in  3.631 seconds
Domain Reload Profiling:
	ReloadAssembly (3634ms)
		BeginReloadAssembly (477ms)
			ExecutionOrderSort (0ms)
			DisableScriptedObjects (36ms)
			BackupInstance (0ms)
			ReleaseScriptingObjects (0ms)
			CreateAndSetChildDomain (179ms)
		EndReloadAssembly (2843ms)
			LoadAssemblies (271ms)
			RebuildTransferFunctionScriptingTraits (0ms)
			SetupTypeCache (818ms)
			ReleaseScriptCaches (4ms)
			RebuildScriptCaches (188ms)
			SetupLoadedEditorAssemblies (1420ms)
				LogAssemblyErrors (0ms)
				InitializePlatformSupportModulesInManaged (41ms)
				SetLoadedEditorAssemblies (3ms)
				RefreshPlugins (2ms)
				BeforeProcessingInitializeOnLoad (266ms)
				ProcessInitializeOnLoadAttributes (833ms)
				ProcessInitializeOnLoadMethodAttributes (268ms)
				AfterProcessingInitializeOnLoad (7ms)
				EditorAssembliesLoaded (1ms)
			ExecutionOrderSort2 (0ms)
			AwakeInstancesAfterBackupRestoration (27ms)
Platform modules already initialized, skipping
Refreshing native plugins compatible for Editor in 5.53 ms, found 5 plugins.
Preloading 0 native plugins for Editor in 0.00 ms.
Unloading 3621 Unused Serialized files (Serialized files now loaded: 0)
Unloading 25 unused Assets / (310.0 KB). Loaded Objects now: 4121.
Memory consumption went from 147.4 MB to 147.1 MB.
Total: 10.320500 ms (FindLiveObjects: 0.481400 ms CreateObjectMapping: 0.293600 ms MarkObjects: 9.297600 ms  DeleteObjects: 0.245700 ms)

AssetImportParameters requested are different than current active one (requested -> active):
  custom:video-decoder-ogg-theora: a1e56fd34408186e4bbccfd4996cb3dc -> 
  custom:container-muxer-webm: aa71ff27fc2769a1b78a27578f13a17b -> 
  custom:container-demuxer-webm: 4f35f7cbe854078d1ac9338744f61a02 -> 
  custom:video-encoder-webm-vp8: eb34c28f22e8b96e1ab97ce403110664 -> 
  custom:audio-encoder-webm-vorbis: bf7c407c2cedff20999df2af8eb42d56 -> 
  custom:framework-win-MediaFoundation: 216162199b28c13a410421893ffa2e32 -> 
  custom:container-demuxer-ogg: 62fdf1f143b41e24485cea50d1cbac27 -> 
  custom:video-decoder-webm-vp8: 9c59270c3fd7afecdb556c50c9e8de78 -> 
  custom:audio-decoder-ogg-vorbis: bf7c407c2cedff20999df2af8eb42d56 -> 
========================================================================
Received Import Request.
  Time since last request: 894.706271 seconds.
  path: Assets/Free Pixel Space Platform Pack/Boxes/Box_02.png
  artifactKey: Guid(3893185237368e74eab199e2a1a99651) Importer(815301076,1909f56bfc062723c751e8b465ee728b)
Start importing Assets/Free Pixel Space Platform Pack/Boxes/Box_02.png using Guid(3893185237368e74eab199e2a1a99651) Importer(815301076,1909f56bfc062723c751e8b465ee728b)  -> (artifact id: 'e9b2ffed865ccd3d573345f904b61d7e') in 0.616577 seconds 
========================================================================
Received Import Request.
  Time since last request: 0.032327 seconds.
  path: Assets/Free Pixel Space Platform Pack/Crystals/Crystal_02.png
  artifactKey: Guid(7a4e2a16a00a6d645b159d4890bfc3a4) Importer(815301076,1909f56bfc062723c751e8b465ee728b)
Start importing Assets/Free Pixel Space Platform Pack/Crystals/Crystal_02.png using Guid(7a4e2a16a00a6d645b159d4890bfc3a4) Importer(815301076,1909f56bfc062723c751e8b465ee728b)  -> (artifact id: 'b90bf60cd03e7d20363cedfd97001074') in 0.262581 seconds 
========================================================================
Received Import Request.
  Time since last request: 0.899828 seconds.
  path: Assets/Free Pixel Space Platform Pack/Lever/LeverUp.png
  artifactKey: Guid(d002eee2b7a4ced4d82149a2f764a3b6) Importer(815301076,1909f56bfc062723c751e8b465ee728b)
Start importing Assets/Free Pixel Space Platform Pack/Lever/LeverUp.png using Guid(d002eee2b7a4ced4d82149a2f764a3b6) Importer(815301076,1909f56bfc062723c751e8b465ee728b)  -> (artifact id: '5ab5e8f22dcdeda68d822e2a86b65585') in 0.101909 seconds 
========================================================================
Received Import Request.
  Time since last request: 0.479523 seconds.
  path: Assets/Free Pixel Space Platform Pack/Ladders/Ladder_02.png
  artifactKey: Guid(9a23dc9da5aeadf4384f2ef234210a57) Importer(815301076,1909f56bfc062723c751e8b465ee728b)
Start importing Assets/Free Pixel Space Platform Pack/Ladders/Ladder_02.png using Guid(9a23dc9da5aeadf4384f2ef234210a57) Importer(815301076,1909f56bfc062723c751e8b465ee728b)  -> (artifact id: '6d0a56990c9c762772b52ca1540901cf') in 0.165785 seconds 
========================================================================
Received Import Request.
  Time since last request: 4.205195 seconds.
  path: Assets/Free Pixel Space Platform Pack/Portal/PortalOn.png
  artifactKey: Guid(a250755ac1951bb4fa0ea9b06a3408a8) Importer(815301076,1909f56bfc062723c751e8b465ee728b)
Start importing Assets/Free Pixel Space Platform Pack/Portal/PortalOn.png using Guid(a250755ac1951bb4fa0ea9b06a3408a8) Importer(815301076,1909f56bfc062723c751e8b465ee728b)  -> (artifact id: '3b1ab8802678bd1d07cc6ec7f8fa671d') in 0.106619 seconds 
========================================================================
Received Import Request.
  Time since last request: 32.673259 seconds.
  path: Assets/Free Pixel Space Platform Pack/Spikes/Spike_02.png
  artifactKey: Guid(dddd89db6df12524186d273282174949) Importer(815301076,1909f56bfc062723c751e8b465ee728b)
Start importing Assets/Free Pixel Space Platform Pack/Spikes/Spike_02.png using Guid(dddd89db6df12524186d273282174949) Importer(815301076,1909f56bfc062723c751e8b465ee728b)  -> (artifact id: 'd0eb89805c49276317b9afc07412103e') in 0.063827 seconds 
========================================================================
Received Import Request.
  Time since last request: 0.000047 seconds.
  path: Assets/Free Pixel Space Platform Pack/Spikes/Spike_04.png
  artifactKey: Guid(9a80b48bb9ff266408fd34f946cae49c) Importer(815301076,1909f56bfc062723c751e8b465ee728b)
Start importing Assets/Free Pixel Space Platform Pack/Spikes/Spike_04.png using Guid(9a80b48bb9ff266408fd34f946cae49c) Importer(815301076,1909f56bfc062723c751e8b465ee728b)  -> (artifact id: 'c14fce98f6d8a380e9c0c35ffb7a89d5') in 0.055702 seconds 
========================================================================
Received Import Request.
  Time since last request: 0.000074 seconds.
  path: Assets/Free Pixel Space Platform Pack/Spikes/Spike_03.png
  artifactKey: Guid(f9ca9e3ba4deed54988fe281e5ccf4ef) Importer(815301076,1909f56bfc062723c751e8b465ee728b)
Start importing Assets/Free Pixel Space Platform Pack/Spikes/Spike_03.png using Guid(f9ca9e3ba4deed54988fe281e5ccf4ef) Importer(815301076,1909f56bfc062723c751e8b465ee728b)  -> (artifact id: 'c4802beff7c4994764829455feedb772') in 0.069561 seconds 
========================================================================
Received Import Request.
  Time since last request: 3.626636 seconds.
  path: Assets/Free Pixel Space Platform Pack/Stones/Stone_02.png
  artifactKey: Guid(c4c9f83e178f8a743bb8e5099c83ffda) Importer(815301076,1909f56bfc062723c751e8b465ee728b)
Start importing Assets/Free Pixel Space Platform Pack/Stones/Stone_02.png using Guid(c4c9f83e178f8a743bb8e5099c83ffda) Importer(815301076,1909f56bfc062723c751e8b465ee728b)  -> (artifact id: '02a59aea8b006e92208cbd42d7a508ec') in 0.061102 seconds 
========================================================================
Received Import Request.
  Time since last request: 3.664529 seconds.
  path: Assets/Free Pixel Space Platform Pack/Tiles/RightSteps.png
  artifactKey: Guid(fe3f133074dcf2a4b9f89535360ad89f) Importer(815301076,1909f56bfc062723c751e8b465ee728b)
Start importing Assets/Free Pixel Space Platform Pack/Tiles/RightSteps.png using Guid(fe3f133074dcf2a4b9f89535360ad89f) Importer(815301076,1909f56bfc062723c751e8b465ee728b)  -> (artifact id: '888b65a6b51e18aa6a0773a6100e7ece') in 0.054566 seconds 
========================================================================
Received Import Request.
  Time since last request: 0.000035 seconds.
  path: Assets/Free Pixel Space Platform Pack/Tiles/TileLeftUp.png
  artifactKey: Guid(ff793d54fae323941b4955f1ab01f702) Importer(815301076,1909f56bfc062723c751e8b465ee728b)
Start importing Assets/Free Pixel Space Platform Pack/Tiles/TileLeftUp.png using Guid(ff793d54fae323941b4955f1ab01f702) Importer(815301076,1909f56bfc062723c751e8b465ee728b)  -> (artifact id: '222487e11803330457a34a5a94657970') in 0.062557 seconds 
========================================================================
Received Import Request.
  Time since last request: 0.000050 seconds.
  path: Assets/Free Pixel Space Platform Pack/Tiles/TileDown.png
  artifactKey: Guid(d2a5aa6ad9ecd36438e3d96c46673937) Importer(815301076,1909f56bfc062723c751e8b465ee728b)
Start importing Assets/Free Pixel Space Platform Pack/Tiles/TileDown.png using Guid(d2a5aa6ad9ecd36438e3d96c46673937) Importer(815301076,1909f56bfc062723c751e8b465ee728b)  -> (artifact id: '4a5728cb97fa923b41db27bd87940374') in 0.109926 seconds 
========================================================================
Received Import Request.
  Time since last request: 0.000066 seconds.
  path: Assets/Free Pixel Space Platform Pack/Tiles/TileLeft.png
  artifactKey: Guid(6a76e32b09013ab438a77b41d382d353) Importer(815301076,1909f56bfc062723c751e8b465ee728b)
Start importing Assets/Free Pixel Space Platform Pack/Tiles/TileLeft.png using Guid(6a76e32b09013ab438a77b41d382d353) Importer(815301076,1909f56bfc062723c751e8b465ee728b)  -> (artifact id: '5b1488d1b08499faa8a39218a70c8358') in 0.060995 seconds 
========================================================================
Received Import Request.
  Time since last request: 0.000052 seconds.
  path: Assets/Free Pixel Space Platform Pack/Tiles/TileUpRight.png
  artifactKey: Guid(1823a931f6945c54086916081c699694) Importer(815301076,1909f56bfc062723c751e8b465ee728b)
Start importing Assets/Free Pixel Space Platform Pack/Tiles/TileUpRight.png using Guid(1823a931f6945c54086916081c699694) Importer(815301076,1909f56bfc062723c751e8b465ee728b)  -> (artifact id: '1dc430d47df1c029c4d977c03ff2a9f3') in 0.061193 seconds 
========================================================================
Received Import Request.
  Time since last request: 0.000036 seconds.
  path: Assets/Free Pixel Space Platform Pack/Tiles/TileLeftDown.png
  artifactKey: Guid(5f34e21b0e293934bab9c47e1b2f6118) Importer(815301076,1909f56bfc062723c751e8b465ee728b)
Start importing Assets/Free Pixel Space Platform Pack/Tiles/TileLeftDown.png using Guid(5f34e21b0e293934bab9c47e1b2f6118) Importer(815301076,1909f56bfc062723c751e8b465ee728b)  -> (artifact id: '4b9d7f9505652a37ba523cfdb4a5142e') in 0.063283 seconds 
========================================================================
Received Import Request.
  Time since last request: 0.000046 seconds.
  path: Assets/Free Pixel Space Platform Pack/Tiles/TileRightDown.png
  artifactKey: Guid(3f60caf1034881949921abac5e6ce960) Importer(815301076,1909f56bfc062723c751e8b465ee728b)
Start importing Assets/Free Pixel Space Platform Pack/Tiles/TileRightDown.png using Guid(3f60caf1034881949921abac5e6ce960) Importer(815301076,1909f56bfc062723c751e8b465ee728b)  -> (artifact id: '1e76b750b7cbfaca10c758f6898451bd') in 0.063215 seconds 
========================================================================
Received Import Request.
  Time since last request: 0.653710 seconds.
  path: Assets/Free Pixel Space Platform Pack/Platforms/Platform_02.png
  artifactKey: Guid(47957807853b0834a856ac1590c64791) Importer(815301076,1909f56bfc062723c751e8b465ee728b)
Start importing Assets/Free Pixel Space Platform Pack/Platforms/Platform_02.png using Guid(47957807853b0834a856ac1590c64791) Importer(815301076,1909f56bfc062723c751e8b465ee728b)  -> (artifact id: '07002b6515e87350ee65885d6b657334') in 0.188184 seconds 
========================================================================
Received Import Request.
  Time since last request: 0.768165 seconds.
  path: Assets/Free Pixel Space Platform Pack/Plants/GrassUp.png
  artifactKey: Guid(c33597f3b548250438320bd772ebb30e) Importer(815301076,1909f56bfc062723c751e8b465ee728b)
Start importing Assets/Free Pixel Space Platform Pack/Plants/GrassUp.png using Guid(c33597f3b548250438320bd772ebb30e) Importer(815301076,1909f56bfc062723c751e8b465ee728b)  -> (artifact id: '17224bb08d78d5f7f14f91843dd5fc91') in 0.056754 seconds 
========================================================================
Received Import Request.
  Time since last request: 0.000056 seconds.
  path: Assets/Free Pixel Space Platform Pack/Plants/VioletTree_03.png
  artifactKey: Guid(d7c4331171b8f1d4da407a4bd6d4f8f4) Importer(815301076,1909f56bfc062723c751e8b465ee728b)
Start importing Assets/Free Pixel Space Platform Pack/Plants/VioletTree_03.png using Guid(d7c4331171b8f1d4da407a4bd6d4f8f4) Importer(815301076,1909f56bfc062723c751e8b465ee728b)  -> (artifact id: 'acea5ff841df6a79058e320564785cc8') in 0.058525 seconds 
========================================================================
Received Import Request.
  Time since last request: 0.000055 seconds.
  path: Assets/Free Pixel Space Platform Pack/Plants/GreenTree_01.png
  artifactKey: Guid(1fd6c0bea09fddd499980688c890931a) Importer(815301076,1909f56bfc062723c751e8b465ee728b)
Start importing Assets/Free Pixel Space Platform Pack/Plants/GreenTree_01.png using Guid(1fd6c0bea09fddd499980688c890931a) Importer(815301076,1909f56bfc062723c751e8b465ee728b)  -> (artifact id: '91133799f65ec9d5599c63fed12d1671') in 0.061802 seconds 
========================================================================
Received Import Request.
  Time since last request: 0.000036 seconds.
  path: Assets/Free Pixel Space Platform Pack/Plants/VioletMushroom_02.png
  artifactKey: Guid(9cd9401400962034eb249e1823bc1917) Importer(815301076,1909f56bfc062723c751e8b465ee728b)
Start importing Assets/Free Pixel Space Platform Pack/Plants/VioletMushroom_02.png using Guid(9cd9401400962034eb249e1823bc1917) Importer(815301076,1909f56bfc062723c751e8b465ee728b)  -> (artifact id: 'd625410e713c6bfa0c91daf6860d8a9d') in 0.055197 seconds 
========================================================================
Received Import Request.
  Time since last request: 0.000038 seconds.
  path: Assets/Free Pixel Space Platform Pack/Plants/VioletTree_02.png
  artifactKey: Guid(f54556ea2c55aef46af457e96846a98c) Importer(815301076,1909f56bfc062723c751e8b465ee728b)
Start importing Assets/Free Pixel Space Platform Pack/Plants/VioletTree_02.png using Guid(f54556ea2c55aef46af457e96846a98c) Importer(815301076,1909f56bfc062723c751e8b465ee728b)  -> (artifact id: '24e0ac5fda54d331c5c2f3bb745c199f') in 0.068821 seconds 
========================================================================
Received Import Request.
  Time since last request: 0.000050 seconds.
  path: Assets/Free Pixel Space Platform Pack/Plants/VioletTree_01.png
  artifactKey: Guid(0ea2d438142d63f4da9a3d26c09921a0) Importer(815301076,1909f56bfc062723c751e8b465ee728b)
Start importing Assets/Free Pixel Space Platform Pack/Plants/VioletTree_01.png using Guid(0ea2d438142d63f4da9a3d26c09921a0) Importer(815301076,1909f56bfc062723c751e8b465ee728b)  -> (artifact id: '362cd144ad21f2a4284ade48552e4f89') in 0.060560 seconds 
========================================================================
Received Import Request.
  Time since last request: 6.067528 seconds.
  path: Assets/Free Pixel Space Platform Pack/Astronaut/AstroStay.png
  artifactKey: Guid(7147553b1e72eec449c5ace4f9f4d13a) Importer(815301076,1909f56bfc062723c751e8b465ee728b)
Start importing Assets/Free Pixel Space Platform Pack/Astronaut/AstroStay.png using Guid(7147553b1e72eec449c5ace4f9f4d13a) Importer(815301076,1909f56bfc062723c751e8b465ee728b)  -> (artifact id: '450e7d130df4948d811911fb149fb79a') in 0.093405 seconds 
Editor requested this worker to shutdown with reason: Scaling down because of idle timeout
AssetImportWorker is now disconnected from the server
Process exiting
Exiting without the bug reporter. Application will terminate with return code 0